\BOOKMARK [1][-]{section.1}{\376\377\000U\000v\000o\000d}{}% 1
\BOOKMARK [2][-]{subsection.1.1}{\376\377\000M\000o\000t\000i\000v\000a\000c\000i\000j\000a\000\040\000i\000\040\000z\000n\000a\001\015\000a\000j\000\040\000i\000s\000t\000r\000a\001\176\000i\000v\000a\000n\000j\000a}{section.1}% 2
\BOOKMARK [2][-]{subsection.1.2}{\376\377\000I\000z\000a\000z\000o\000v\000\040\000n\000e\000s\000i\000g\000u\000r\000n\000o\000s\000t\000i\000\040\000u\000\040\000p\000r\000o\000j\000e\000k\000t\000n\000o\000m\000\040\000u\000p\000r\000a\000v\000l\000j\000a\000n\000j\000u}{section.1}% 3
\BOOKMARK [2][-]{subsection.1.3}{\376\377\000C\000i\000l\000j\000e\000v\000i\000,\000\040\000d\000o\000p\000r\000i\000n\000o\000s\000\040\000i\000\040\000s\000t\000r\000u\000k\000t\000u\000r\000a\000\040\000r\000a\000d\000a}{section.1}% 4
\BOOKMARK [1][-]{section.2}{\376\377\000T\000e\000o\000r\000i\000j\000s\000k\000e\000\040\000o\000s\000n\000o\000v\000e\000\040\000i\000\040\000s\000r\000o\000d\000n\000i\000\040\000r\000a\000d\000o\000v\000i}{}% 5
\BOOKMARK [2][-]{subsection.2.1}{\376\377\000P\000r\000o\000b\000l\000e\000m\000\040\000o\000d\000a\000b\000i\000r\000a\000\040\000p\000o\000r\000t\000f\000e\000l\000j\000a\000\040\000k\000a\000o\000\040\000K\000n\000a\000p\000s\000a\000c\000k\000\040\000p\000r\000o\000b\000l\000e\000m}{section.2}% 6
\BOOKMARK [2][-]{subsection.2.2}{\376\377\000G\000e\000n\000e\000t\000s\000k\000i\000\040\000a\000l\000g\000o\000r\000i\000t\000m\000i\000\040\000k\000a\000o\000\040\000m\000e\000t\000a\000h\000e\000u\000r\000i\000s\000t\000i\000k\000a\000\040\000z\000a\000\040\000p\000r\000e\000t\000r\000a\001\176\000i\000v\000a\000n\000j\000e}{section.2}% 7
\BOOKMARK [3][-]{subsubsection.2.2.1}{\376\377\000O\000s\000n\000o\000v\000n\000i\000\040\000p\000r\000i\000n\000c\000i\000p\000i\000\040\000i\000\040\000t\000i\000j\000e\000k\000\040\000a\000l\000g\000o\000r\000i\000t\000m\000a}{subsection.2.2}% 8
\BOOKMARK [3][-]{subsubsection.2.2.2}{\376\377\000K\000l\000j\000u\001\015\000n\000i\000\040\000o\000p\000e\000r\000a\000t\000o\000r\000i\000\040\000i\000\040\000k\000o\000m\000p\000o\000n\000e\000n\000t\000e}{subsection.2.2}% 9
\BOOKMARK [3][-]{subsubsection.2.2.3}{\376\377\000V\000i\001\141\000e\000-\000k\000r\000i\000t\000e\000r\000i\000j\000s\000k\000i\000\040\000g\000e\000n\000e\000t\000s\000k\000i\000\040\000a\000l\000g\000o\000r\000i\000t\000m\000i\000\040\000i\000\040\000N\000S\000G\000A\000-\000I\000I}{subsection.2.2}% 10
\BOOKMARK [3][-]{subsubsection.2.2.4}{\376\377\000I\000z\000a\000z\000o\000v\000\040\000p\000o\000d\000e\001\141\000a\000v\000a\000n\000j\000a\000\040\000p\000a\000r\000a\000m\000e\000t\000a\000r\000a\000\040\000g\000e\000n\000e\000t\000s\000k\000o\000g\000\040\000a\000l\000g\000o\000r\000i\000t\000m\000a}{subsection.2.2}% 11
\BOOKMARK [2][-]{subsection.2.3}{\376\377\000K\000v\000a\000n\000t\000i\000f\000i\000k\000a\000c\000i\000j\000a\000\040\000r\000i\000z\000i\000k\000a\000\040\000p\000o\000m\000o\001\007\000u\000\040\000M\000o\000n\000t\000e\000\040\000C\000a\000r\000l\000o\000\040\000s\000i\000m\000u\000l\000a\000c\000i\000j\000e}{section.2}% 12
\BOOKMARK [2][-]{subsection.2.4}{\376\377\000M\000o\000d\000e\000l\000i\000r\000a\000n\000j\000e\000\040\000n\000e\000s\000i\000g\000u\000r\000n\000o\000s\000t\000i\000\040\000t\000r\000a\000j\000a\000n\000j\000a\000\040\000p\000o\000m\000o\001\007\000u\000\040\000t\000r\000o\000t\000o\001\015\000k\000o\000v\000n\000e\000\040\000p\000r\000o\000c\000j\000e\000n\000e}{section.2}% 13
\BOOKMARK [1][-]{section.3}{\376\377\000M\000a\000t\000e\000m\000a\000t\000i\001\015\000k\000a\000\040\000f\000o\000r\000m\000u\000l\000a\000c\000i\000j\000a\000\040\000i\000\040\000k\000o\000n\000c\000e\000p\000t\000u\000a\000l\000n\000i\000\040\000m\000o\000d\000e\000l\000\040\000p\000r\000o\000b\000l\000e\000m\000a}{}% 14
\BOOKMARK [2][-]{subsection.3.1}{\376\377\000D\000e\000f\000i\000n\000i\000c\000i\000j\000a\000\040\000s\000k\000u\000p\000a\000\040\000a\000k\000t\000i\000v\000n\000o\000s\000t\000i\000\040\000i\000\040\000v\000a\000r\000i\000j\000a\000b\000l\000i\000\040\000o\000d\000l\000u\000k\000e}{section.3}% 15
\BOOKMARK [2][-]{subsection.3.2}{\376\377\000R\000e\000s\000u\000r\000s\000n\000a\000\040\000o\000g\000r\000a\000n\000i\001\015\000e\000n\000j\000a\000\040\000m\000o\000d\000e\000l\000a}{section.3}% 16
\BOOKMARK [2][-]{subsection.3.3}{\376\377\000S\000p\000e\000c\000i\000f\000i\000k\000a\000c\000i\000j\000a\000\040\000o\000p\000t\000i\000m\000i\000z\000a\000c\000i\000j\000s\000k\000i\000h\000\040\000c\000i\000l\000j\000e\000v\000a}{section.3}% 17
\BOOKMARK [2][-]{subsection.3.4}{\376\377\000K\000o\000n\000c\000e\000p\000t\000u\000a\000l\000n\000i\000\040\000p\000r\000i\000k\000a\000z\000\040\000i\000\040\000z\000n\000a\001\015\000a\000j\000\040\000m\000o\000d\000e\000l\000a}{section.3}% 18
\BOOKMARK [1][-]{section.4}{\376\377\000A\000r\000h\000i\000t\000e\000k\000t\000u\000r\000a\000\040\000s\000u\000s\000t\000a\000v\000a\000\040\000i\000\040\000i\000m\000p\000l\000e\000m\000e\000n\000t\000a\000c\000i\000j\000a}{}% 19
\BOOKMARK [2][-]{subsection.4.1}{\376\377\000K\000o\000r\000i\001\141\000t\000e\000n\000e\000\040\000t\000e\000h\000n\000o\000l\000o\000g\000i\000j\000e\000\040\000i\000\040\000b\000i\000b\000l\000i\000o\000t\000e\000k\000e}{section.4}% 20
\BOOKMARK [2][-]{subsection.4.2}{\376\377\000A\000r\000h\000i\000t\000e\000k\000t\000u\000r\000a\000\040\000e\000k\000s\000p\000e\000r\000i\000m\000e\000n\000t\000a\000l\000n\000o\000g\000\040\000o\000k\000v\000i\000r\000a}{section.4}% 21
\BOOKMARK [2][-]{subsection.4.3}{\376\377\000I\000m\000p\000l\000e\000m\000e\000n\000t\000a\000c\000i\000j\000a\000\040\000k\000l\000j\000u\001\015\000n\000i\000h\000\040\000k\000o\000m\000p\000o\000n\000e\000n\000t\000i}{section.4}% 22
\BOOKMARK [3][-]{subsubsection.4.3.1}{\376\377\000M\000o\000d\000e\000l\000i\000r\000a\000n\000j\000e\000\040\000n\000e\000s\000i\000g\000u\000r\000n\000o\000s\000t\000i\000:\000\040\000M\000o\000n\000t\000e\000\040\000C\000a\000r\000l\000o\000\040\000s\000i\000m\000u\000l\000a\000c\000i\000j\000a}{subsection.4.3}% 23
\BOOKMARK [3][-]{subsubsection.4.3.2}{\376\377\000O\000p\000t\000i\000m\000i\000z\000a\000c\000i\000j\000s\000k\000i\000\040\000p\000r\000i\000s\000t\000u\000p\000:\000\040\000G\000e\000n\000e\000t\000s\000k\000i\000\040\000a\000l\000g\000o\000r\000i\000t\000a\000m}{subsection.4.3}% 24
\BOOKMARK [2][-]{subsection.4.4}{\376\377\000V\000i\000z\000u\000a\000l\000i\000z\000a\000c\000i\000j\000a\000\040\000i\000\040\000o\000b\000r\000a\000d\000a\000\040\000r\000e\000z\000u\000l\000t\000a\000t\000a}{section.4}% 25
\BOOKMARK [1][-]{section.5}{\376\377\000E\000k\000s\000p\000e\000r\000i\000m\000e\000n\000t\000a\000l\000n\000a\000\040\000e\000v\000a\000l\000u\000a\000c\000i\000j\000a\000\040\000i\000\040\000d\000i\000s\000k\000u\000s\000i\000j\000a\000\040\000r\000e\000z\000u\000l\000t\000a\000t\000a}{}% 26
\BOOKMARK [2][-]{subsection.5.1}{\376\377\000P\000o\000s\000t\000a\000v\000k\000e\000\040\000o\000k\000r\000u\001\176\000e\000n\000j\000a\000\040\000i\000\040\000t\000e\000s\000t\000n\000i\000\040\000p\000o\000d\000a\000c\000i}{section.5}% 27
\BOOKMARK [2][-]{subsection.5.2}{\376\377\000E\000k\000s\000p\000e\000r\000i\000m\000e\000n\000t\000a\000l\000n\000i\000\040\000d\000i\000z\000a\000j\000n}{section.5}% 28
\BOOKMARK [3][-]{subsubsection.5.2.1}{\376\377\000I\000s\000t\000r\000a\001\176\000i\000v\000a\001\015\000k\000e\000\040\000h\000i\000p\000o\000t\000e\000z\000e}{subsection.5.2}% 29
\BOOKMARK [2][-]{subsection.5.3}{\376\377\000E\000k\000s\000p\000e\000r\000i\000m\000e\000n\000t\000\040\0001\000:\000\040\000A\000n\000a\000l\000i\000z\000a\000\040\000p\000a\000r\000a\000m\000e\000t\000a\000r\000a\000\040\000i\000\040\000k\000a\000l\000i\000b\000r\000a\000c\000i\000j\000a\000\040\000g\000e\000n\000e\000t\000s\000k\000o\000g\000\040\000a\000l\000g\000o\000r\000i\000t\000m\000a}{section.5}% 30
\BOOKMARK [3][-]{subsubsection.5.3.1}{\376\377\000R\000e\000z\000u\000l\000t\000a\000t\000i\000\040\000i\000\040\000d\000i\000s\000k\000u\000s\000i\000j\000a}{subsection.5.3}% 31
\BOOKMARK [2][-]{subsection.5.4}{\376\377\000E\000k\000s\000p\000e\000r\000i\000m\000e\000n\000t\000\040\0002\000:\000\040\000U\000s\000p\000o\000r\000e\000d\000n\000a\000\040\000a\000n\000a\000l\000i\000z\000a\000\040\000o\000p\000t\000i\000m\000i\000z\000a\000c\000i\000j\000s\000k\000i\000h\000\040\000m\000o\000d\000e\000l\000a}{section.5}% 32
\BOOKMARK [3][-]{subsubsection.5.4.1}{\376\377\000R\000e\000z\000u\000l\000t\000a\000t\000i\000\040\000i\000\040\000d\000i\000s\000k\000u\000s\000i\000j\000a}{subsection.5.4}% 33
\BOOKMARK [2][-]{subsection.5.5}{\376\377\000S\000i\000n\000t\000e\000z\000a\000\040\000i\000\040\000i\000n\000t\000e\000r\000p\000r\000e\000t\000a\000c\000i\000j\000a\000\040\000g\000l\000a\000v\000n\000i\000h\000\040\000n\000a\000l\000a\000z\000a}{section.5}% 34
\BOOKMARK [1][-]{section.6}{\376\377\000D\000i\000s\000k\000u\000s\000i\000j\000a\000\040\000i\000\040\000z\000a\000k\000l\000j\000u\001\015\000a\000k}{}% 35
\BOOKMARK [2][-]{subsection.6.1}{\376\377\000G\000l\000a\000v\000n\000i\000\040\000n\000a\000l\000a\000z\000i\000\040\000i\000\040\000o\000d\000g\000o\000v\000o\000r\000i\000\040\000n\000a\000\040\000i\000s\000t\000r\000a\001\176\000i\000v\000a\001\015\000k\000a\000\040\000p\000i\000t\000a\000n\000j\000a}{section.6}% 36
\BOOKMARK [2][-]{subsection.6.2}{\376\377\000D\000o\000p\000r\000i\000n\000o\000s\000\040\000i\000\040\000o\000g\000r\000a\000n\000i\001\015\000e\000n\000j\000a\000\040\000r\000a\000d\000a}{section.6}% 37
\BOOKMARK [2][-]{subsection.6.3}{\376\377\000P\000r\000e\000p\000o\000r\000u\000k\000e\000\040\000z\000a\000\040\000b\000u\000d\000u\001\007\000i\000\040\000r\000a\000d\000\040\000i\000\040\000z\000a\000v\000r\001\141\000n\000a\000\040\000r\000i\000j\000e\001\015}{section.6}% 38
\BOOKMARK [1][-]{section*.28}{\376\377\000L\000i\000t\000e\000r\000a\000t\000u\000r\000a}{}% 39
\BOOKMARK [1][-]{section*.29}{\376\377\000P\000o\000p\000i\000s\000\040\000s\000l\000i\000k\000a}{}% 40
\BOOKMARK [1][-]{section*.30}{\376\377\000P\000o\000p\000i\000s\000\040\000t\000a\000b\000l\000i\000c\000a}{}% 41
\BOOKMARK [1][-]{section*.31}{\376\377\000P\000o\000p\000i\000s\000\040\000k\000o\000d\000o\000v\000a}{}% 42
